123456
123456789
111111
123123
163.com
12345678
000000
5201314
0
123321
11111111
111222tianya
a123456
666666
1234567
1314520
7758521
888888
123
1234567890
654321
woaini
112233
123123123
a321654
88888888
12345
123654
520520
aaaaaa
121212
00000000
789456
123456a
111222
5211314
100200
147258369
147258
1
zxcvbnm
dearbook
999999
110110
7758258
wangyut2
987654321
1111111
222222
yahoo.com.cn
qq123456
333333
521521
159357
iloveyou
abc123
1314521
asdasd
789456123
1234
555555
980099
qazwsx
password
31415926
123qwe
131313
159753
qqqqqq
qwerty
555666
a123456789
456123
q123456
woaini1314
1qaz2wsx
hotmail.com
123698745
sohu.com
123000
201314
qwertyuiop
7777777
1111111111
qwe123
yahoo.cn
e10adc3949ba59abbe56e057f20f883e
456789
321321
asd123
778899
456852
123789
123456789a
asdfghjkl
666888
1q2w3e4r
111111111
584520
